<?xml version="1.0" encoding="UTF-8"?>
<!-- Generated by org.testng.reporters.JUnitXMLReporter -->
<testsuite ignored="0" hostname="vimal" failures="0" tests="7" name="InVirtualMachine" time="28.087" errors="0" timestamp="2025-01-02T19:35:24 IST">
  <testcase classname="testCases.TC002_LoginTest" name="verify_login" time="3.068"/>
  <testcase classname="testCases.TC003_LoginDDT" name="verify_LoginDDT" time="4.713"/>
  <testcase classname="testCases.TC003_LoginDDT" name="verify_LoginDDT" time="3.611"/>
  <testcase classname="testCases.TC003_LoginDDT" name="verify_LoginDDT" time="2.808"/>
  <testcase classname="testCases.TC003_LoginDDT" name="verify_LoginDDT" time="4.53"/>
  <testcase classname="testCases.TC003_LoginDDT" name="verify_LoginDDT" time="3.735"/>
  <testcase classname="testCases.TC001_AccountRegistrationTest" name="verify_account_registration" time="11.249"/>
</testsuite> <!-- InVirtualMachine -->
