<?xml version="1.0" encoding="UTF-8"?>
<!-- Generated by org.testng.reporters.JUnitXMLReporter -->
<testsuite ignored="0" hostname="vimal" failures="0" tests="7" name="Linux-Chrome" time="20.07" errors="0" timestamp="2025-01-02T19:47:00 IST">
  <testcase classname="testCases.TC002_LoginTest" name="verify_login" time="3.349"/>
  <testcase classname="testCases.TC001_AccountRegistrationTest" name="verify_account_registration" time="4.916"/>
  <testcase classname="testCases.TC003_LoginDDT" name="verify_LoginDDT" time="5.369"/>
  <testcase classname="testCases.TC003_LoginDDT" name="verify_LoginDDT" time="1.471"/>
  <testcase classname="testCases.TC003_LoginDDT" name="verify_LoginDDT" time="1.493"/>
  <testcase classname="testCases.TC003_LoginDDT" name="verify_LoginDDT" time="2.437"/>
  <testcase classname="testCases.TC003_LoginDDT" name="verify_LoginDDT" time="1.667"/>
</testsuite> <!-- Linux-Chrome -->
