<?xml version="1.0" encoding="UTF-8"?>
<!-- Generated by org.testng.reporters.JUnitXMLReporter -->
<testsuite ignored="0" hostname="vimal" failures="0" tests="7" name="Linux-Chrome" time="31.957" errors="0" timestamp="2024-12-26T17:07:21 IST">
  <testcase classname="testCases.TC001_AccountRegistrationTest" name="verify_account_registration" time="3.636"/>
  <testcase classname="testCases.TC002_LoginTest" name="verify_login" time="2.232"/>
  <testcase classname="testCases.TC003_LoginDDT" name="verify_LoginDDT" time="2.685"/>
  <testcase classname="testCases.TC003_LoginDDT" name="verify_LoginDDT" time="2.17"/>
  <testcase classname="testCases.TC003_LoginDDT" name="verify_LoginDDT" time="2.089"/>
  <testcase classname="testCases.TC003_LoginDDT" name="verify_LoginDDT" time="2.578"/>
  <testcase classname="testCases.TC003_LoginDDT" name="verify_LoginDDT" time="1.857"/>
</testsuite> <!-- Linux-Chrome -->
