<?xml version="1.0" encoding="UTF-8"?>
<!-- Generated by org.testng.reporters.JUnitXMLReporter -->
<testsuite ignored="0" hostname="vimal" failures="0" tests="7" name="Linux-FireFox" time="79.674" errors="0" timestamp="2025-01-02T19:44:39 IST">
  <testcase classname="testCases.TC002_LoginTest" name="verify_login" time="10.537"/>
  <testcase classname="testCases.TC003_LoginDDT" name="verify_LoginDDT" time="9.184"/>
  <testcase classname="testCases.TC001_AccountRegistrationTest" name="verify_account_registration" time="12.749"/>
  <testcase classname="testCases.TC003_LoginDDT" name="verify_LoginDDT" time="2.825"/>
  <testcase classname="testCases.TC003_LoginDDT" name="verify_LoginDDT" time="1.649"/>
  <testcase classname="testCases.TC003_LoginDDT" name="verify_LoginDDT" time="2.332"/>
  <testcase classname="testCases.TC003_LoginDDT" name="verify_LoginDDT" time="1.632"/>
</testsuite> <!-- Linux-FireFox -->
