<?xml version="1.0" encoding="UTF-8"?>
<!-- Generated by org.testng.reporters.JUnitXMLReporter -->
<testsuite ignored="0" hostname="vimal" failures="0" tests="7" name="Linux-Edge" time="24.12" errors="0" timestamp="2025-01-02T19:47:04 IST">
  <testcase classname="testCases.TC002_LoginTest" name="verify_login" time="3.256"/>
  <testcase classname="testCases.TC001_AccountRegistrationTest" name="verify_account_registration" time="6.798"/>
  <testcase classname="testCases.TC003_LoginDDT" name="verify_LoginDDT" time="8.2"/>
  <testcase classname="testCases.TC003_LoginDDT" name="verify_LoginDDT" time="1.701"/>
  <testcase classname="testCases.TC003_LoginDDT" name="verify_LoginDDT" time="1.613"/>
  <testcase classname="testCases.TC003_LoginDDT" name="verify_LoginDDT" time="2.331"/>
  <testcase classname="testCases.TC003_LoginDDT" name="verify_LoginDDT" time="1.654"/>
</testsuite> <!-- Linux-Edge -->
