<?xml version="1.0" encoding="UTF-8"?>
<!-- Generated by org.testng.reporters.JUnitXMLReporter -->
<testsuite ignored="0" hostname="vimal" failures="0" tests="7" name="TestChrome" time="29.075" errors="0" timestamp="2024-12-26T18:36:50 IST">
  <testcase classname="testCases.TC001_AccountRegistrationTest" name="verify_account_registration" time="4.023"/>
  <testcase classname="testCases.TC002_LoginTest" name="verify_login" time="3.094"/>
  <testcase classname="testCases.TC003_LoginDDT" name="verify_LoginDDT" time="2.836"/>
  <testcase classname="testCases.TC003_LoginDDT" name="verify_LoginDDT" time="1.301"/>
  <testcase classname="testCases.TC003_LoginDDT" name="verify_LoginDDT" time="1.321"/>
  <testcase classname="testCases.TC003_LoginDDT" name="verify_LoginDDT" time="2.157"/>
  <testcase classname="testCases.TC003_LoginDDT" name="verify_LoginDDT" time="1.655"/>
</testsuite> <!-- TestChrome -->
