<?xml version="1.0" encoding="UTF-8"?>
<!-- Generated by org.testng.reporters.JUnitXMLReporter -->
<testsuite ignored="0" hostname="vimal" failures="0" tests="7" name="TestEdge" time="32.215" errors="0" timestamp="2024-12-26T18:36:52 IST">
  <testcase classname="testCases.TC001_AccountRegistrationTest" name="verify_account_registration" time="3.562"/>
  <testcase classname="testCases.TC002_LoginTest" name="verify_login" time="1.722"/>
  <testcase classname="testCases.TC003_LoginDDT" name="verify_LoginDDT" time="2.952"/>
  <testcase classname="testCases.TC003_LoginDDT" name="verify_LoginDDT" time="1.461"/>
  <testcase classname="testCases.TC003_LoginDDT" name="verify_LoginDDT" time="1.449"/>
  <testcase classname="testCases.TC003_LoginDDT" name="verify_LoginDDT" time="2.434"/>
  <testcase classname="testCases.TC003_LoginDDT" name="verify_LoginDDT" time="1.443"/>
</testsuite> <!-- TestEdge -->
