<?xml version="1.0" encoding="UTF-8"?>
<!-- Generated by org.testng.reporters.JUnitXMLReporter -->
<testsuite ignored="0" hostname="vimal" failures="0" tests="7" name="TestFirefox" time="39.079" errors="0" timestamp="2024-12-26T18:36:59 IST">
  <testcase classname="testCases.TC001_AccountRegistrationTest" name="verify_account_registration" time="3.108"/>
  <testcase classname="testCases.TC002_LoginTest" name="verify_login" time="1.47"/>
  <testcase classname="testCases.TC003_LoginDDT" name="verify_LoginDDT" time="1.809"/>
  <testcase classname="testCases.TC003_LoginDDT" name="verify_LoginDDT" time="1.099"/>
  <testcase classname="testCases.TC003_LoginDDT" name="verify_LoginDDT" time="1.12"/>
  <testcase classname="testCases.TC003_LoginDDT" name="verify_LoginDDT" time="1.661"/>
  <testcase classname="testCases.TC003_LoginDDT" name="verify_LoginDDT" time="1.063"/>
</testsuite> <!-- TestFirefox -->
