<?xml version="1.0" encoding="UTF-8"?>
<!-- Generated by org.testng.reporters.JUnitXMLReporter -->
<testsuite ignored="0" hostname="vimal" failures="0" tests="7" name="Windows-Edge" time="25.77" errors="0" timestamp="2025-01-02T19:54:44 IST">
  <testcase classname="testCases.TC001_AccountRegistrationTest" name="verify_account_registration" time="2.675"/>
  <testcase classname="testCases.TC002_LoginTest" name="verify_login" time="1.522"/>
  <testcase classname="testCases.TC003_LoginDDT" name="verify_LoginDDT" time="2.637"/>
  <testcase classname="testCases.TC003_LoginDDT" name="verify_LoginDDT" time="1.343"/>
  <testcase classname="testCases.TC003_LoginDDT" name="verify_LoginDDT" time="1.568"/>
  <testcase classname="testCases.TC003_LoginDDT" name="verify_LoginDDT" time="1.903"/>
  <testcase classname="testCases.TC003_LoginDDT" name="verify_LoginDDT" time="1.241"/>
</testsuite> <!-- Windows-Edge -->
