<?xml version="1.0" encoding="UTF-8"?>
<!-- Generated by org.testng.reporters.JUnitXMLReporter -->
<testsuite ignored="0" hostname="vimal" failures="0" tests="7" name="Windows-Chrome" time="22.313" errors="0" timestamp="2025-01-02T19:54:40 IST">
  <testcase classname="testCases.TC001_AccountRegistrationTest" name="verify_account_registration" time="2.618"/>
  <testcase classname="testCases.TC002_LoginTest" name="verify_login" time="1.643"/>
  <testcase classname="testCases.TC003_LoginDDT" name="verify_LoginDDT" time="2.258"/>
  <testcase classname="testCases.TC003_LoginDDT" name="verify_LoginDDT" time="1.185"/>
  <testcase classname="testCases.TC003_LoginDDT" name="verify_LoginDDT" time="1.517"/>
  <testcase classname="testCases.TC003_LoginDDT" name="verify_LoginDDT" time="1.832"/>
  <testcase classname="testCases.TC003_LoginDDT" name="verify_LoginDDT" time="1.342"/>
</testsuite> <!-- Windows-Chrome -->
