<?xml version="1.0" encoding="UTF-8"?>
<!-- Generated by org.testng.reporters.JUnitXMLReporter -->
<testsuite ignored="0" hostname="vimal" failures="0" tests="7" name="Windows-FireFox" time="32.326" errors="0" timestamp="2025-01-02T19:54:50 IST">
  <testcase classname="testCases.TC001_AccountRegistrationTest" name="verify_account_registration" time="2.218"/>
  <testcase classname="testCases.TC002_LoginTest" name="verify_login" time="1.99"/>
  <testcase classname="testCases.TC003_LoginDDT" name="verify_LoginDDT" time="1.753"/>
  <testcase classname="testCases.TC003_LoginDDT" name="verify_LoginDDT" time="1.24"/>
  <testcase classname="testCases.TC003_LoginDDT" name="verify_LoginDDT" time="1.03"/>
  <testcase classname="testCases.TC003_LoginDDT" name="verify_LoginDDT" time="1.54"/>
  <testcase classname="testCases.TC003_LoginDDT" name="verify_LoginDDT" time="0.952"/>
</testsuite> <!-- Windows-FireFox -->
