<?xml version="1.0" encoding="UTF-8"?>
<!-- Generated by org.testng.reporters.JUnitXMLReporter -->
<testsuite ignored="0" hostname="vimal" failures="0" tests="7" name="Test" time="15.267" errors="0" timestamp="2024-12-26T19:10:56 IST">
  <testcase classname="testCases.TC002_LoginTest" name="verify_login" time="2.215"/>
  <testcase classname="testCases.TC001_AccountRegistrationTest" name="verify_account_registration" time="3.151"/>
  <testcase classname="testCases.TC003_LoginDDT" name="verify_LoginDDT" time="2.842"/>
  <testcase classname="testCases.TC003_LoginDDT" name="verify_LoginDDT" time="1.557"/>
  <testcase classname="testCases.TC003_LoginDDT" name="verify_LoginDDT" time="1.258"/>
  <testcase classname="testCases.TC003_LoginDDT" name="verify_LoginDDT" time="2.068"/>
  <testcase classname="testCases.TC003_LoginDDT" name="verify_LoginDDT" time="1.287"/>
</testsuite> <!-- Test -->
