<?xml version="1.0" encoding="UTF-8"?>
<!-- Generated by org.testng.reporters.JUnitXMLReporter -->
<testsuite ignored="0" hostname="vimal" failures="0" tests="7" name="Test" time="17.343" errors="0" timestamp="2025-01-01T06:00:42 IST">
  <testcase classname="testCases.TC002_LoginTest" name="verify_login" time="2.135"/>
  <testcase classname="testCases.TC001_AccountRegistrationTest" name="verify_account_registration" time="4.015"/>
  <testcase classname="testCases.TC003_LoginDDT" name="verify_LoginDDT" time="3.218"/>
  <testcase classname="testCases.TC003_LoginDDT" name="verify_LoginDDT" time="1.554"/>
  <testcase classname="testCases.TC003_LoginDDT" name="verify_LoginDDT" time="1.39"/>
  <testcase classname="testCases.TC003_LoginDDT" name="verify_LoginDDT" time="2.002"/>
  <testcase classname="testCases.TC003_LoginDDT" name="verify_LoginDDT" time="1.545"/>
</testsuite> <!-- Test -->
