<?xml version="1.0" encoding="UTF-8"?>
<!-- Generated by org.testng.reporters.JUnitXMLReporter -->
<testsuite ignored="5" hostname="vimal" failures="0" tests="3" name="Sanity Tests" time="0.098" errors="0" timestamp="2024-12-26T02:47:24 IST">
  <testcase classname="testCases.SanityTests" name="testSanityOne" time="0.016"/>
  <testcase classname="testCases.SanityTests" name="testSanityTwo" time="0.002"/>
  <testcase classname="testCases.RegressionTests" name="testSanityThree" time="0.002"/>
  <testcase classname="testCases.SanityTests" name="testRegressionTwo" time="0.0">
    <ignored/>
  </testcase> <!-- testRegressionTwo -->
  <testcase classname="testCases.RegressionTests" name="testRegressionThree" time="0.0">
    <ignored/>
  </testcase> <!-- testRegressionThree -->
  <testcase classname="testCases.SanityTests" name="testRegressionOne" time="0.0">
    <ignored/>
  </testcase> <!-- testRegressionOne -->
  <testcase classname="testCases.RegressionTests" name="testPerformanceOne" time="0.0">
    <ignored/>
  </testcase> <!-- testPerformanceOne -->
  <testcase classname="testCases.RegressionTests" name="testPerformanceTwo" time="0.0">
    <ignored/>
  </testcase> <!-- testPerformanceTwo -->
</testsuite> <!-- Sanity Tests -->
