<?xml version="1.0" encoding="UTF-8"?>
<testsuite xmlns:xsi="http://www.w3.org/2001/XMLSchema-instance" xsi:noNamespaceSchemaLocation="https://maven.apache.org/surefire/maven-surefire-plugin/xsd/surefire-test-report.xsd" version="3.0.2" name="TestSuite" time="16.863" tests="7" errors="0" skipped="0" failures="0">
  <properties>
[...]
</properties>
  <testcase name="verify_login" classname="testCases.TC002_LoginTest" time="0.597">
    <system-out><![CDATA[2024-12-26T13:40:40.213898900Z main INFO Starting configuration XmlConfiguration[location=C:\Users\vimal\eclipse-workspace\opencartV121\target\test-classes\log4j2.xml, lastModified=2024-12-26T13:23:31.401Z]...
2024-12-26T13:40:40.215193800Z main INFO Start watching for changes to C:\Users\vimal\eclipse-workspace\opencartV121\target\test-classes\log4j2.xml every 0 seconds
2024-12-26T13:40:40.217592600Z main INFO Configuration XmlConfiguration[location=C:\Users\vimal\eclipse-workspace\opencartV121\target\test-classes\log4j2.xml, lastModified=2024-12-26T13:23:31.401Z] started.
2024-12-26T13:40:40.222769800Z main INFO Stopping configuration org.apache.logging.log4j.core.config.DefaultConfiguration@72a7c7e0...
2024-12-26T13:40:40.222769800Z main INFO Configuration org.apache.logging.log4j.core.config.DefaultConfiguration@72a7c7e0 stopped.
]]></system-out>
  </testcase>
  <testcase name="verify_account_registration" classname="testCases.TC001_AccountRegistrationTest" time="1.222"/>
  <testcase name="verify_LoginDDT[admin@db.com, 123456789, valid](1)" classname="testCases.TC003_LoginDDT" time="2.842"/>
  <testcase name="verify_LoginDDT[admin@db.com, jkkjkjbjbkjbkjkn, invalid](2)" classname="testCases.TC003_LoginDDT" time="1.557"/>
  <testcase name="verify_LoginDDT[jk@gmail.com, nknknjknkn, invalid](3)" classname="testCases.TC003_LoginDDT" time="1.253"/>
  <testcase name="verify_LoginDDT[vimalkm@db.com, 145236, valid](4)" classname="testCases.TC003_LoginDDT" time="2.071"/>
  <testcase name="verify_LoginDDT[vimalk@db.com, vimadb.com, invalid](5)" classname="testCases.TC003_LoginDDT" time="1.287"/>
</testsuite>