<?xml version="1.0" encoding="UTF-8"?>
<!-- Generated by org.testng.reporters.JUnitXMLReporter -->
<testsuite ignored="0" hostname="vimal" failures="0" tests="7" name="Test" time="25.031" errors="0" timestamp="2024-12-26T18:36:03 IST">
  <testcase classname="testCases.TC001_AccountRegistrationTest" name="verify_account_registration" time="2.721"/>
  <testcase classname="testCases.TC002_LoginTest" name="verify_login" time="1.842"/>
  <testcase classname="testCases.TC003_LoginDDT" name="verify_LoginDDT" time="2.309"/>
  <testcase classname="testCases.TC003_LoginDDT" name="verify_LoginDDT" time="2.172"/>
  <testcase classname="testCases.TC003_LoginDDT" name="verify_LoginDDT" time="1.658"/>
  <testcase classname="testCases.TC003_LoginDDT" name="verify_LoginDDT" time="1.969"/>
  <testcase classname="testCases.TC003_LoginDDT" name="verify_LoginDDT" time="1.655"/>
</testsuite> <!-- Test -->
