<?xml version="1.0" encoding="UTF-8"?>
<!-- Generated by org.testng.reporters.JUnitXMLReporter -->
<testsuite ignored="0" hostname="vimal" failures="0" tests="7" name="Test" time="13.741" errors="0" timestamp="2025-01-01T06:04:00 IST">
  <testcase classname="testCases.TC002_LoginTest" name="verify_login" time="2.13"/>
  <testcase classname="testCases.TC001_AccountRegistrationTest" name="verify_account_registration" time="2.979"/>
  <testcase classname="testCases.TC003_LoginDDT" name="verify_LoginDDT" time="2.282"/>
  <testcase classname="testCases.TC003_LoginDDT" name="verify_LoginDDT" time="1.292"/>
  <testcase classname="testCases.TC003_LoginDDT" name="verify_LoginDDT" time="1.119"/>
  <testcase classname="testCases.TC003_LoginDDT" name="verify_LoginDDT" time="1.781"/>
  <testcase classname="testCases.TC003_LoginDDT" name="verify_LoginDDT" time="1.227"/>
</testsuite> <!-- Test -->
